<?xml version="1.0" encoding="UTF-8"?>
<!-- Generated by org.testng.reporters.JUnitReportReporter -->
<testsuite hostname="Smarty" failures="0" tests="1" name="com.hrms.testscripts.TC001" time="91.856" errors="0" timestamp="15 Oct 2022 16:26:51 GMT">
  <testcase classname="com.hrms.testscripts.TC001" name="tc001" time="91.856"/>
</testsuite> <!-- com.hrms.testscripts.TC001 -->
