<?xml version="1.0" encoding="UTF-8"?>
<!-- Generated by org.testng.reporters.JUnitReportReporter -->
<testsuite hostname="Smarty" failures="0" tests="1" name="testNG.Excel_WebDriver_TestNG" time="47.481" errors="0" timestamp="14 Oct 2022 16:02:16 GMT">
  <testcase classname="testNG.Excel_WebDriver_TestNG" name="tc001" time="47.481"/>
</testsuite> <!-- testNG.Excel_WebDriver_TestNG -->
