<?xml version="1.0" encoding="UTF-8"?>
<!-- Generated by org.testng.reporters.JUnitReportReporter -->
<testsuite hostname="Smarty" failures="0" tests="1" name="testNG.WebDriver_TestNG" time="63.305" errors="0" timestamp="14 Oct 2022 15:58:51 GMT">
  <testcase classname="testNG.WebDriver_TestNG" name="tc001" time="63.305"/>
</testsuite> <!-- testNG.WebDriver_TestNG -->
